<?xml version="1.0" encoding="UTF-8"?>
<testng-results skipped="0" failed="1" ignored="0" total="1" passed="0">
  <reporter-output>
  </reporter-output>
  <suite name="All Test Suite" duration-ms="12334" started-at="2022-02-03T08:55:51Z" finished-at="2022-02-03T08:56:04Z">
    <groups>
    </groups>
    <test name="C:/Users/sudha/IdeaProjects/SeleniumAutomationFramework" duration-ms="12334" started-at="2022-02-03T08:55:51Z" finished-at="2022-02-03T08:56:04Z">
      <class name="com.tmb.tests.HomepageTests">
        <test-method status="PASS" signature="setUp()[pri:0, instance:com.tmb.tests.HomepageTests@47f37ef1]" name="setUp" is-config="true" duration-ms="7415" started-at="2022-02-03T08:55:51Z" finished-at="2022-02-03T08:55:59Z">
          <reporter-output>
          </reporter-output>
        </test-method> <!-- setUp -->
        <test-method status="FAIL" signature="test2()[pri:0, instance:com.tmb.tests.HomepageTests@47f37ef1]" name="test2" duration-ms="3473" started-at="2022-02-03T08:55:59Z" finished-at="2022-02-03T08:56:02Z">
          <exception class="java.lang.AssertionError">
            <message>
              <![CDATA[The text is not found in google search expected [true] but found [false]]]>
            </message>
            <full-stacktrace>
              <![CDATA[java.lang.AssertionError: The text is not found in google search expected [true] but found [false]
at org.testng.Assert.fail(Assert.java:96)
at org.testng.Assert.failNotEquals(Assert.java:776)
at org.testng.Assert.assertTrue(Assert.java:44)
at com.tmb.tests.HomepageTests.test2(HomepageTests.java:44)
at sun.reflect.NativeMethodAccessorImpl.invoke0(Native Method)
at sun.reflect.NativeMethodAccessorImpl.invoke(NativeMethodAccessorImpl.java:62)
at sun.reflect.DelegatingMethodAccessorImpl.invoke(DelegatingMethodAccessorImpl.java:43)
at java.lang.reflect.Method.invoke(Method.java:498)
at org.testng.internal.MethodInvocationHelper.invokeMethod(MethodInvocationHelper.java:124)
at org.testng.internal.Invoker.invokeMethod(Invoker.java:583)
at org.testng.internal.Invoker.invokeTestMethod(Invoker.java:719)
at org.testng.internal.Invoker.invokeTestMethods(Invoker.java:989)
at org.testng.internal.TestMethodWorker.invokeTestMethods(TestMethodWorker.java:125)
at org.testng.internal.TestMethodWorker.run(TestMethodWorker.java:109)
at java.util.concurrent.ThreadPoolExecutor.runWorker(ThreadPoolExecutor.java:1149)
at java.util.concurrent.ThreadPoolExecutor$Worker.run(ThreadPoolExecutor.java:624)
at java.lang.Thread.run(Thread.java:748)
]]>
            </full-stacktrace>
          </exception> <!-- java.lang.AssertionError -->
          <reporter-output>
          </reporter-output>
        </test-method> <!-- test2 -->
        <test-method status="PASS" signature="tearDown()[pri:0, instance:com.tmb.tests.HomepageTests@47f37ef1]" name="tearDown" is-config="true" duration-ms="1374" started-at="2022-02-03T08:56:02Z" finished-at="2022-02-03T08:56:04Z">
          <reporter-output>
          </reporter-output>
        </test-method> <!-- tearDown -->
      </class> <!-- com.tmb.tests.HomepageTests -->
    </test> <!-- C:/Users/sudha/IdeaProjects/SeleniumAutomationFramework -->
  </suite> <!-- All Test Suite -->
</testng-results>
